-------------------------------------------------------------------------------
Test set: com.jasmine.jasmine_rest.JasmineRestApplicationTests
-------------------------------------------------------------------------------
Tests run: 1, Failures: 0, Errors: 1, Skipped: 0, Time elapsed: 36.192 s <<< FAILURE! - in com.jasmine.jasmine_rest.JasmineRestApplicationTests
contextLoads(com.jasmine.jasmine_rest.JasmineRestApplicationTests)  Time elapsed: 0.008 s  <<< ERROR!
java.lang.IllegalStateException: Failed to load ApplicationContext
Caused by: org.springframework.beans.factory.UnsatisfiedDependencyException: Error creating bean with name 'crossroadsController': Unsatisfied dependency expressed through field 'crossroadsService'; nested exception is org.springframework.beans.factory.UnsatisfiedDependencyException: Error creating bean with name 'crossroadsService': Unsatisfied dependency expressed through field 'crossroadsRepository'; nested exception is org.springframework.beans.factory.BeanCreationException: Error creating bean with name 'crossroadsRepository': Invocation of init method failed; nested exception is org.springframework.dao.DataAccessResourceFailureException: Timed out after 30000 ms while waiting to connect. Client view of cluster state is {type=UNKNOWN, servers=[{address=mongo-cs.default.svc.cluster.local:27017, type=UNKNOWN, state=CONNECTING, exception={com.mongodb.MongoSocketException: mongo-cs.default.svc.cluster.local}, caused by {java.net.UnknownHostException: mongo-cs.default.svc.cluster.local}}]; nested exception is com.mongodb.MongoTimeoutException: Timed out after 30000 ms while waiting to connect. Client view of cluster state is {type=UNKNOWN, servers=[{address=mongo-cs.default.svc.cluster.local:27017, type=UNKNOWN, state=CONNECTING, exception={com.mongodb.MongoSocketException: mongo-cs.default.svc.cluster.local}, caused by {java.net.UnknownHostException: mongo-cs.default.svc.cluster.local}}]
Caused by: org.springframework.beans.factory.UnsatisfiedDependencyException: Error creating bean with name 'crossroadsService': Unsatisfied dependency expressed through field 'crossroadsRepository'; nested exception is org.springframework.beans.factory.BeanCreationException: Error creating bean with name 'crossroadsRepository': Invocation of init method failed; nested exception is org.springframework.dao.DataAccessResourceFailureException: Timed out after 30000 ms while waiting to connect. Client view of cluster state is {type=UNKNOWN, servers=[{address=mongo-cs.default.svc.cluster.local:27017, type=UNKNOWN, state=CONNECTING, exception={com.mongodb.MongoSocketException: mongo-cs.default.svc.cluster.local}, caused by {java.net.UnknownHostException: mongo-cs.default.svc.cluster.local}}]; nested exception is com.mongodb.MongoTimeoutException: Timed out after 30000 ms while waiting to connect. Client view of cluster state is {type=UNKNOWN, servers=[{address=mongo-cs.default.svc.cluster.local:27017, type=UNKNOWN, state=CONNECTING, exception={com.mongodb.MongoSocketException: mongo-cs.default.svc.cluster.local}, caused by {java.net.UnknownHostException: mongo-cs.default.svc.cluster.local}}]
Caused by: org.springframework.beans.factory.BeanCreationException: Error creating bean with name 'crossroadsRepository': Invocation of init method failed; nested exception is org.springframework.dao.DataAccessResourceFailureException: Timed out after 30000 ms while waiting to connect. Client view of cluster state is {type=UNKNOWN, servers=[{address=mongo-cs.default.svc.cluster.local:27017, type=UNKNOWN, state=CONNECTING, exception={com.mongodb.MongoSocketException: mongo-cs.default.svc.cluster.local}, caused by {java.net.UnknownHostException: mongo-cs.default.svc.cluster.local}}]; nested exception is com.mongodb.MongoTimeoutException: Timed out after 30000 ms while waiting to connect. Client view of cluster state is {type=UNKNOWN, servers=[{address=mongo-cs.default.svc.cluster.local:27017, type=UNKNOWN, state=CONNECTING, exception={com.mongodb.MongoSocketException: mongo-cs.default.svc.cluster.local}, caused by {java.net.UnknownHostException: mongo-cs.default.svc.cluster.local}}]
Caused by: org.springframework.dao.DataAccessResourceFailureException: Timed out after 30000 ms while waiting to connect. Client view of cluster state is {type=UNKNOWN, servers=[{address=mongo-cs.default.svc.cluster.local:27017, type=UNKNOWN, state=CONNECTING, exception={com.mongodb.MongoSocketException: mongo-cs.default.svc.cluster.local}, caused by {java.net.UnknownHostException: mongo-cs.default.svc.cluster.local}}]; nested exception is com.mongodb.MongoTimeoutException: Timed out after 30000 ms while waiting to connect. Client view of cluster state is {type=UNKNOWN, servers=[{address=mongo-cs.default.svc.cluster.local:27017, type=UNKNOWN, state=CONNECTING, exception={com.mongodb.MongoSocketException: mongo-cs.default.svc.cluster.local}, caused by {java.net.UnknownHostException: mongo-cs.default.svc.cluster.local}}]
Caused by: com.mongodb.MongoTimeoutException: Timed out after 30000 ms while waiting to connect. Client view of cluster state is {type=UNKNOWN, servers=[{address=mongo-cs.default.svc.cluster.local:27017, type=UNKNOWN, state=CONNECTING, exception={com.mongodb.MongoSocketException: mongo-cs.default.svc.cluster.local}, caused by {java.net.UnknownHostException: mongo-cs.default.svc.cluster.local}}]

